<?xml version="1.0" encoding="UTF-8"?>
<coverage generated="1761235661686" clover="3.2.0">
  <project timestamp="1761235661686" name="All files">
    <metrics statements="27" coveredstatements="27" conditionals="10" coveredconditionals="10" methods="5" coveredmethods="5" elements="42" coveredelements="42" complexity="0" loc="27" ncloc="27" packages="1" files="2" classes="2"/>
    <file name="app.js" path="E:\hcmus\KI_1_NAM_4\Software Testing\demo-cart-test\app.js">
      <metrics statements="25" coveredstatements="25" conditionals="10" coveredconditionals="10" methods="5" coveredmethods="5"/>
      <line num="2" count="1" type="stmt"/>
      <line num="3" count="1" type="stmt"/>
      <line num="4" count="1" type="stmt"/>
      <line num="6" count="1" type="stmt"/>
      <line num="10" count="1" type="stmt"/>
      <line num="11" count="1" type="stmt"/>
      <line num="16" count="1" type="stmt"/>
      <line num="17" count="3" type="stmt"/>
      <line num="20" count="3" type="cond" truecount="6" falsecount="0"/>
      <line num="21" count="1" type="stmt"/>
      <line num="26" count="2" type="stmt"/>
      <line num="28" count="2" type="cond" truecount="2" falsecount="0"/>
      <line num="30" count="1" type="stmt"/>
      <line num="31" count="1" type="stmt"/>
      <line num="34" count="1" type="stmt"/>
      <line num="35" count="1" type="stmt"/>
      <line num="36" count="1" type="stmt"/>
      <line num="42" count="1" type="stmt"/>
      <line num="43" count="2" type="stmt"/>
      <line num="46" count="2" type="stmt"/>
      <line num="48" count="2" type="cond" truecount="2" falsecount="0"/>
      <line num="50" count="1" type="stmt"/>
      <line num="51" count="1" type="stmt"/>
      <line num="54" count="1" type="stmt"/>
      <line num="58" count="1" type="stmt"/>
    </file>
    <file name="cartStore.js" path="E:\hcmus\KI_1_NAM_4\Software Testing\demo-cart-test\cartStore.js">
      <metrics statements="2" coveredstatements="2" conditionals="0" coveredconditionals="0" methods="0" coveredmethods="0"/>
      <line num="1" count="1" type="stmt"/>
      <line num="3" count="1" type="stmt"/>
    </file>
  </project>
</coverage>
