{"E:\\hcmus\\KI_1_NAM_4\\Software Testing\\demo-cart-test\\app.js": {"path":"E:\\hcmus\\KI_1_NAM_4\\Software Testing\\demo-cart-test\\app.js","statementMap":{"0":{"start":{"line":2,"column":16},"end":{"line":2,"column":34}},"1":{"start":{"line":3,"column":13},"end":{"line":3,"column":38}},"2":{"start":{"line":4,"column":12},"end":{"line":4,"column":21}},"3":{"start":{"line":6,"column":0},"end":{"line":6,"column":24}},"4":{"start":{"line":10,"column":0},"end":{"line":12,"column":3}},"5":{"start":{"line":11,"column":2},"end":{"line":11,"column":29}},"6":{"start":{"line":16,"column":0},"end":{"line":38,"column":3}},"7":{"start":{"line":17,"column":40},"end":{"line":17,"column":48}},"8":{"start":{"line":20,"column":2},"end":{"line":22,"column":3}},"9":{"start":{"line":21,"column":4},"end":{"line":21,"column":103}},"10":{"start":{"line":26,"column":23},"end":{"line":26,"column":70}},"11":{"start":{"line":26,"column":41},"end":{"line":26,"column":69}},"12":{"start":{"line":28,"column":2},"end":{"line":37,"column":3}},"13":{"start":{"line":30,"column":4},"end":{"line":30,"column":38}},"14":{"start":{"line":31,"column":4},"end":{"line":31,"column":39}},"15":{"start":{"line":34,"column":20},"end":{"line":34,"column":49}},"16":{"start":{"line":35,"column":4},"end":{"line":35,"column":23}},"17":{"start":{"line":36,"column":4},"end":{"line":36,"column":34}},"18":{"start":{"line":42,"column":0},"end":{"line":56,"column":3}},"19":{"start":{"line":43,"column":28},"end":{"line":43,"column":55}},"20":{"start":{"line":46,"column":24},"end":{"line":46,"column":84}},"21":{"start":{"line":46,"column":47},"end":{"line":46,"column":83}},"22":{"start":{"line":48,"column":2},"end":{"line":55,"column":3}},"23":{"start":{"line":50,"column":26},"end":{"line":50,"column":55}},"24":{"start":{"line":51,"column":4},"end":{"line":51,"column":38}},"25":{"start":{"line":54,"column":4},"end":{"line":54,"column":73}},"26":{"start":{"line":58,"column":0},"end":{"line":58,"column":21}}},"fnMap":{"0":{"name":"(anonymous_0)","decl":{"start":{"line":10,"column":17},"end":{"line":10,"column":18}},"loc":{"start":{"line":10,"column":31},"end":{"line":12,"column":1}},"line":10},"1":{"name":"(anonymous_1)","decl":{"start":{"line":16,"column":18},"end":{"line":16,"column":19}},"loc":{"start":{"line":16,"column":32},"end":{"line":38,"column":1}},"line":16},"2":{"name":"(anonymous_2)","decl":{"start":{"line":26,"column":33},"end":{"line":26,"column":34}},"loc":{"start":{"line":26,"column":41},"end":{"line":26,"column":69}},"line":26},"3":{"name":"(anonymous_3)","decl":{"start":{"line":42,"column":24},"end":{"line":42,"column":25}},"loc":{"start":{"line":42,"column":38},"end":{"line":56,"column":1}},"line":42},"4":{"name":"(anonymous_4)","decl":{"start":{"line":46,"column":39},"end":{"line":46,"column":40}},"loc":{"start":{"line":46,"column":47},"end":{"line":46,"column":83}},"line":46}},"branchMap":{"0":{"loc":{"start":{"line":20,"column":2},"end":{"line":22,"column":3}},"type":"if","locations":[{"start":{"line":20,"column":2},"end":{"line":22,"column":3}},{"start":{},"end":{}}],"line":20},"1":{"loc":{"start":{"line":20,"column":6},"end":{"line":20,"column":55}},"type":"binary-expr","locations":[{"start":{"line":20,"column":6},"end":{"line":20,"column":16}},{"start":{"line":20,"column":20},"end":{"line":20,"column":25}},{"start":{"line":20,"column":29},"end":{"line":20,"column":38}},{"start":{"line":20,"column":42},"end":{"line":20,"column":55}}],"line":20},"2":{"loc":{"start":{"line":28,"column":2},"end":{"line":37,"column":3}},"type":"if","locations":[{"start":{"line":28,"column":2},"end":{"line":37,"column":3}},{"start":{"line":32,"column":9},"end":{"line":37,"column":3}}],"line":28},"3":{"loc":{"start":{"line":48,"column":2},"end":{"line":55,"column":3}},"type":"if","locations":[{"start":{"line":48,"column":2},"end":{"line":55,"column":3}},{"start":{"line":52,"column":9},"end":{"line":55,"column":3}}],"line":48}},"s":{"0":1,"1":1,"2":1,"3":1,"4":1,"5":1,"6":1,"7":3,"8":3,"9":1,"10":2,"11":1,"12":2,"13":1,"14":1,"15":1,"16":1,"17":1,"18":1,"19":2,"20":2,"21":1,"22":2,"23":1,"24":1,"25":1,"26":1},"f":{"0":1,"1":3,"2":1,"3":2,"4":1},"b":{"0":[1,2],"1":[3,3,2,2],"2":[1,1],"3":[1,1]},"_coverageSchema":"1a1c01bbd47fc00a2c39e90264f33305004495a9","hash":"a01334704d2221232daca8c7a7d3d492d52befc2"}
,"E:\\hcmus\\KI_1_NAM_4\\Software Testing\\demo-cart-test\\cartStore.js": {"path":"E:\\hcmus\\KI_1_NAM_4\\Software Testing\\demo-cart-test\\cartStore.js","statementMap":{"0":{"start":{"line":1,"column":13},"end":{"line":1,"column":15}},"1":{"start":{"line":3,"column":0},"end":{"line":3,"column":22}}},"fnMap":{},"branchMap":{},"s":{"0":1,"1":1},"f":{},"b":{},"_coverageSchema":"1a1c01bbd47fc00a2c39e90264f33305004495a9","hash":"49ec2bee95e7ddf0beeef3f508cd80bd1e1042ac"}
}
