TN:
SF:app.js
FN:10,(anonymous_0)
FN:16,(anonymous_1)
FN:26,(anonymous_2)
FN:42,(anonymous_3)
FN:46,(anonymous_4)
FNF:5
FNH:5
FNDA:1,(anonymous_0)
FNDA:3,(anonymous_1)
FNDA:1,(anonymous_2)
FNDA:2,(anonymous_3)
FNDA:1,(anonymous_4)
DA:2,1
DA:3,1
DA:4,1
DA:6,1
DA:10,1
DA:11,1
DA:16,1
DA:17,3
DA:20,3
DA:21,1
DA:26,2
DA:28,2
DA:30,1
DA:31,1
DA:34,1
DA:35,1
DA:36,1
DA:42,1
DA:43,2
DA:46,2
DA:48,2
DA:50,1
DA:51,1
DA:54,1
DA:58,1
LF:25
LH:25
BRDA:20,0,0,1
BRDA:20,0,1,2
BRDA:20,1,0,3
BRDA:20,1,1,3
BRDA:20,1,2,2
BRDA:20,1,3,2
BRDA:28,2,0,1
BRDA:28,2,1,1
BRDA:48,3,0,1
BRDA:48,3,1,1
BRF:10
BRH:10
end_of_record
TN:
SF:cartStore.js
FNF:0
FNH:0
DA:1,1
DA:3,1
LF:2
LH:2
BRF:0
BRH:0
end_of_record
